Using pre-set license
Built from '2020.3/staging' branch; Version is '2020.3.20f1 (41c4e627c95f) revision 4310246'; Using compiler version '192528614'; Build Type 'Release'
OS: 'Windows 10 Pro; OS build 19043.1288; Version 2009; 64bit' Language: 'zh' Physical Memory: 32710 MB
BatchMode: 1, IsHumanControllingUs: 0, StartBugReporterOnCrash: 0, Is64bit: 1, IsPro: 0

COMMAND LINE ARGUMENTS:
C:\Program Files\Unity\Hub\Editor\2020.3.20f1\Editor\Unity.exe
-adb2
-batchMode
-noUpm
-name
AssetImportWorker0
-projectPath
C:/Users/YU JIE/Desktop/2D_GameDesign/2D_GameDesign
-logFile
Logs/AssetImportWorker0.log
-srvPort
51134
Successfully changed project path to: C:/Users/YU JIE/Desktop/2D_GameDesign/2D_GameDesign
C:/Users/YU JIE/Desktop/2D_GameDesign/2D_GameDesign
Using Asset Import Pipeline V2.
Refreshing native plugins compatible for Editor in 155.27 ms, found 3 plugins.
Preloading 0 native plugins for Editor in 0.00 ms.
Initialize engine version: 2020.3.20f1 (41c4e627c95f)
[Subsystems] Discovering subsystems at path C:/Program Files/Unity/Hub/Editor/2020.3.20f1/Editor/Data/Resources/UnitySubsystems
[Subsystems] Discovering subsystems at path C:/Users/YU JIE/Desktop/2D_GameDesign/2D_GameDesign/Assets
GfxDevice: creating device client; threaded=0
Direct3D:
    Version:  Direct3D 11.0 [level 11.1]
    Renderer: NVIDIA GeForce GTX 1660 (ID=0x2184)
    Vendor:   
    VRAM:     5991 MB
    Driver:   27.21.14.5751
Initialize mono
Mono path[0] = 'C:/Program Files/Unity/Hub/Editor/2020.3.20f1/Editor/Data/Managed'
Mono path[1] = 'C:/Program Files/Unity/Hub/Editor/2020.3.20f1/Editor/Data/MonoBleedingEdge/lib/mono/unityjit'
Mono config path = 'C:/Program Files/Unity/Hub/Editor/2020.3.20f1/Editor/Data/MonoBleedingEdge/etc'
Using monoOptions --debugger-agent=transport=dt_socket,embedding=1,server=y,suspend=n,address=127.0.0.1:56020
Begin MonoManager ReloadAssembly
Registering precompiled unity dll's ...
Register platform support module: C:/Program Files/Unity/Hub/Editor/2020.3.20f1/Editor/Data/PlaybackEngines/WebGLSupport/UnityEditor.WebGL.Extensions.dll
Register platform support module: C:/Program Files/Unity/Hub/Editor/2020.3.20f1/Editor/Data/PlaybackEngines/WindowsStandaloneSupport/UnityEditor.WindowsStandalone.Extensions.dll
Registered in 0.198664 seconds.
Native extension for WindowsStandalone target not found
Native extension for WebGL target not found
Refreshing native plugins compatible for Editor in 62.27 ms, found 3 plugins.
Preloading 0 native plugins for Editor in 0.00 ms.
Mono: successfully reloaded assembly
- Completed reload, in  3.805 seconds
Domain Reload Profiling:
	ReloadAssembly (3805ms)
		BeginReloadAssembly (2071ms)
			ExecutionOrderSort (0ms)
			DisableScriptedObjects (0ms)
			BackupInstance (0ms)
			ReleaseScriptingObjects (0ms)
			CreateAndSetChildDomain (1ms)
		EndReloadAssembly (635ms)
			LoadAssemblies (2077ms)
			RebuildTransferFunctionScriptingTraits (0ms)
			SetupTypeCache (361ms)
			ReleaseScriptCaches (0ms)
			RebuildScriptCaches (27ms)
			SetupLoadedEditorAssemblies (173ms)
				LogAssemblyErrors (0ms)
				InitializePlatformSupportModulesInManaged (4ms)
				SetLoadedEditorAssemblies (0ms)
				RefreshPlugins (62ms)
				BeforeProcessingInitializeOnLoad (7ms)
				ProcessInitializeOnLoadAttributes (71ms)
				ProcessInitializeOnLoadMethodAttributes (28ms)
				AfterProcessingInitializeOnLoad (0ms)
				EditorAssembliesLoaded (0ms)
			ExecutionOrderSort2 (0ms)
			AwakeInstancesAfterBackupRestoration (0ms)
Platform modules already initialized, skipping
Registering precompiled user dll's ...
Registered in 0.385778 seconds.
Begin MonoManager ReloadAssembly
Native extension for WindowsStandalone target not found
Native extension for WebGL target not found
Refreshing native plugins compatible for Editor in 61.57 ms, found 3 plugins.
Preloading 0 native plugins for Editor in 0.00 ms.
Mono: successfully reloaded assembly
- Completed reload, in  4.080 seconds
Domain Reload Profiling:
	ReloadAssembly (4084ms)
		BeginReloadAssembly (132ms)
			ExecutionOrderSort (0ms)
			DisableScriptedObjects (4ms)
			BackupInstance (0ms)
			ReleaseScriptingObjects (0ms)
			CreateAndSetChildDomain (17ms)
		EndReloadAssembly (3892ms)
			LoadAssemblies (2552ms)
			RebuildTransferFunctionScriptingTraits (0ms)
			SetupTypeCache (683ms)
			ReleaseScriptCaches (0ms)
			RebuildScriptCaches (54ms)
			SetupLoadedEditorAssemblies (487ms)
				LogAssemblyErrors (0ms)
				InitializePlatformSupportModulesInManaged (4ms)
				SetLoadedEditorAssemblies (0ms)
				RefreshPlugins (62ms)
				BeforeProcessingInitializeOnLoad (71ms)
				ProcessInitializeOnLoadAttributes (332ms)
				ProcessInitializeOnLoadMethodAttributes (11ms)
				AfterProcessingInitializeOnLoad (7ms)
				EditorAssembliesLoaded (0ms)
			ExecutionOrderSort2 (0ms)
			AwakeInstancesAfterBackupRestoration (6ms)
Platform modules already initialized, skipping
========================================================================
Worker process is ready to serve import requests
Launched and connected shader compiler UnityShaderCompiler.exe after 0.09 seconds
Refreshing native plugins compatible for Editor in 0.88 ms, found 3 plugins.
Preloading 0 native plugins for Editor in 0.00 ms.
Unloading 2564 Unused Serialized files (Serialized files now loaded: 0)
System memory in use before: 118.4 MB.
System memory in use after: 118.6 MB.

Unloading 26 unused Assets to reduce memory usage. Loaded Objects now: 3009.
Total: 2.873800 ms (FindLiveObjects: 0.267800 ms CreateObjectMapping: 0.145200 ms MarkObjects: 2.436400 ms  DeleteObjects: 0.023300 ms)

AssetImportParameters requested are different than current active one (requested -> active):
  custom:framework-win-MediaFoundation: 216162199b28c13a410421893ffa2e32 -> 
  custom:video-decoder-ogg-theora: a1e56fd34408186e4bbccfd4996cb3dc -> 
  custom:container-muxer-webm: aa71ff27fc2769a1b78a27578f13a17b -> 
  custom:container-demuxer-webm: 4f35f7cbe854078d1ac9338744f61a02 -> 
  custom:container-demuxer-ogg: 62fdf1f143b41e24485cea50d1cbac27 -> 
  custom:video-encoder-webm-vp8: eb34c28f22e8b96e1ab97ce403110664 -> 
  custom:video-decoder-webm-vp8: 9c59270c3fd7afecdb556c50c9e8de78 -> 
  custom:audio-decoder-ogg-vorbis: bf7c407c2cedff20999df2af8eb42d56 -> 
  custom:audio-encoder-webm-vorbis: bf7c407c2cedff20999df2af8eb42d56 -> 
========================================================================
Received Import Request.
  path: Assets/2DGamekit/Art/Sprites/UI/HUD/BossShield.png
  artifactKey: Guid(d9c54273056f7d943920c5257c20b75f) Importer(815301076,1909f56bfc062723c751e8b465ee728b)
Start importing Assets/2DGamekit/Art/Sprites/UI/HUD/BossShield.png using Guid(d9c54273056f7d943920c5257c20b75f) Importer(815301076,1909f56bfc062723c751e8b465ee728b)  -> (artifact id: '4dc3760f2f8554fdff95afbf82296555') in 0.152928 seconds 
  Import took 0.156921 seconds .

========================================================================
Received Import Request.
  Time since last request: 0.000263 seconds.
  path: Assets/2DGamekit/Art/Sprites/UI/Menu/OptionsMenu.png
  artifactKey: Guid(618ba7495f0d0c94c889691e118c0841) Importer(815301076,1909f56bfc062723c751e8b465ee728b)
Start importing Assets/2DGamekit/Art/Sprites/UI/Menu/OptionsMenu.png using Guid(618ba7495f0d0c94c889691e118c0841) Importer(815301076,1909f56bfc062723c751e8b465ee728b)  -> (artifact id: 'ee4849e759cf9608f8ff5cf8ab2a6801') in 0.041019 seconds 
  Import took 0.044668 seconds .

========================================================================
Received Import Request.
  Time since last request: 0.000233 seconds.
  path: Assets/2DGamekit/Art/Sprites/Utilities/BlankSprite.png
  artifactKey: Guid(f7b6513722649314d945ddac9e52b3ac) Importer(815301076,1909f56bfc062723c751e8b465ee728b)
Start importing Assets/2DGamekit/Art/Sprites/Utilities/BlankSprite.png using Guid(f7b6513722649314d945ddac9e52b3ac) Importer(815301076,1909f56bfc062723c751e8b465ee728b)  -> (artifact id: 'd24d227b27dcd6e377f956aa3687ffb4') in 0.023614 seconds 
  Import took 0.027213 seconds .

========================================================================
Received Import Request.
  Time since last request: 0.000228 seconds.
  path: Assets/2DGamekit/Art/Sprites/UI/HUD/HealthIconMask.png
  artifactKey: Guid(0fc1f613ccfee624f80804d4702144e0) Importer(815301076,1909f56bfc062723c751e8b465ee728b)
Start importing Assets/2DGamekit/Art/Sprites/UI/HUD/HealthIconMask.png using Guid(0fc1f613ccfee624f80804d4702144e0) Importer(815301076,1909f56bfc062723c751e8b465ee728b)  -> (artifact id: '9fc0a9e04940204d3c9cbcbf7038c55f') in 0.025239 seconds 
  Import took 0.028648 seconds .

========================================================================
Received Import Request.
  Time since last request: 0.000189 seconds.
  path: Assets/2DGamekit/Art/Sprites/UI/Menu/StartMenuBackground01.tif
  artifactKey: Guid(279b37e2c51cda44380cb81a46fcb8e7) Importer(815301076,1909f56bfc062723c751e8b465ee728b)
Start importing Assets/2DGamekit/Art/Sprites/UI/Menu/StartMenuBackground01.tif using Guid(279b37e2c51cda44380cb81a46fcb8e7) Importer(815301076,1909f56bfc062723c751e8b465ee728b)  -> (artifact id: '54f57c358b9a93fd10ceb94c379dde9a') in 0.068174 seconds 
  Import took 0.071709 seconds .

========================================================================
Received Import Request.
  Time since last request: 0.000226 seconds.
  path: Assets/2DGamekit/Art/Sprites/UI/Menu/Loading.png
  artifactKey: Guid(dfb323e4dde4be54f998e71325c9a717) Importer(815301076,1909f56bfc062723c751e8b465ee728b)
Start importing Assets/2DGamekit/Art/Sprites/UI/Menu/Loading.png using Guid(dfb323e4dde4be54f998e71325c9a717) Importer(815301076,1909f56bfc062723c751e8b465ee728b)  -> (artifact id: '651baa0e933e9d173fe62ed679101a60') in 0.053690 seconds 
  Import took 0.057261 seconds .

========================================================================
Received Import Request.
  Time since last request: 0.000226 seconds.
  path: Assets/2DGamekit/Art/Sprites/UI/Menu/StartLogo.png
  artifactKey: Guid(a5ace13b550b5e54587948013cac9a8d) Importer(815301076,1909f56bfc062723c751e8b465ee728b)
Start importing Assets/2DGamekit/Art/Sprites/UI/Menu/StartLogo.png using Guid(a5ace13b550b5e54587948013cac9a8d) Importer(815301076,1909f56bfc062723c751e8b465ee728b)  -> (artifact id: '01a81dfe7fa907051d75e509af567541') in 0.048192 seconds 
  Import took 0.051702 seconds .

========================================================================
Received Import Request.
  Time since last request: 0.000234 seconds.
  path: Assets/2DGamekit/Art/Sprites/UI/Menu/UnityMasterWhite.png
  artifactKey: Guid(4caaf034ab6d75d449a95bdb1245ef37) Importer(815301076,1909f56bfc062723c751e8b465ee728b)
Start importing Assets/2DGamekit/Art/Sprites/UI/Menu/UnityMasterWhite.png using Guid(4caaf034ab6d75d449a95bdb1245ef37) Importer(815301076,1909f56bfc062723c751e8b465ee728b)  -> (artifact id: '04b102b5367d158a23499ca589b9b3a7') in 0.046784 seconds 
  Import took 0.050979 seconds .

========================================================================
Received Import Request.
  Time since last request: 0.000176 seconds.
  path: Assets/2DGamekit/Art/Sprites/UI/Menu/GameOverEllen.png
  artifactKey: Guid(e3c54db6d8a88d14e80b30406b8aa79e) Importer(815301076,1909f56bfc062723c751e8b465ee728b)
Start importing Assets/2DGamekit/Art/Sprites/UI/Menu/GameOverEllen.png using Guid(e3c54db6d8a88d14e80b30406b8aa79e) Importer(815301076,1909f56bfc062723c751e8b465ee728b)  -> (artifact id: '08f4542adbbfdb32f1f336af4f8d5b2a') in 0.124009 seconds 
  Import took 0.128305 seconds .

========================================================================
Received Import Request.
  Time since last request: 0.000212 seconds.
  path: Assets/2DGamekit/Art/Sprites/UI/Menu/StartMenuBackground02.png
  artifactKey: Guid(b2d7f000631eb224ab7973cb5121a591) Importer(815301076,1909f56bfc062723c751e8b465ee728b)
Start importing Assets/2DGamekit/Art/Sprites/UI/Menu/StartMenuBackground02.png using Guid(b2d7f000631eb224ab7973cb5121a591) Importer(815301076,1909f56bfc062723c751e8b465ee728b)  -> (artifact id: '792636b218b592b863bd9b9fbf77c9a8') in 0.039962 seconds 
  Import took 0.043319 seconds .

========================================================================
Received Import Request.
  Time since last request: 0.000280 seconds.
  path: Assets/2DGamekit/Art/Sprites/UI/Menu/StartMenuBackground06.png
  artifactKey: Guid(e6470cd42fda2044895402d2928053d4) Importer(815301076,1909f56bfc062723c751e8b465ee728b)
Start importing Assets/2DGamekit/Art/Sprites/UI/Menu/StartMenuBackground06.png using Guid(e6470cd42fda2044895402d2928053d4) Importer(815301076,1909f56bfc062723c751e8b465ee728b)  -> (artifact id: 'f23d051e16f4da9c06641f90d11082dc') in 0.058010 seconds 
  Import took 0.061548 seconds .

========================================================================
Received Import Request.
  Time since last request: 0.000233 seconds.
  path: Assets/2DGamekit/Art/Sprites/AnimatedSprites/Ellen/EllenCutsceneAtlas.spriteatlas
  artifactKey: Guid(86edb2edc926cbc468998cd95e71e420) Importer(815301076,1909f56bfc062723c751e8b465ee728b)
Start importing Assets/2DGamekit/Art/Sprites/AnimatedSprites/Ellen/EllenCutsceneAtlas.spriteatlas using Guid(86edb2edc926cbc468998cd95e71e420) Importer(815301076,1909f56bfc062723c751e8b465ee728b)  -> (artifact id: 'a3103870dc43d65e049c64e47dc0004e') in 0.013916 seconds 
  Import took 0.017356 seconds .

========================================================================
Received Import Request.
  Time since last request: 0.000256 seconds.
  path: Assets/2DGamekit/Art/Sprites/UI/HUD/KeyIcon.png
  artifactKey: Guid(47b79e0414059df4c9e864efad6475b9) Importer(815301076,1909f56bfc062723c751e8b465ee728b)
Start importing Assets/2DGamekit/Art/Sprites/UI/HUD/KeyIcon.png using Guid(47b79e0414059df4c9e864efad6475b9) Importer(815301076,1909f56bfc062723c751e8b465ee728b)  -> (artifact id: 'ec9a527b8c6c7b8a0fbac11efbb841af') in 0.045546 seconds 
  Import took 0.049240 seconds .

========================================================================
Received Import Request.
  Time since last request: 0.000212 seconds.
  path: Assets/2DGamekit/Art/Sprites/UI/Menu/LoadingChomper.png
  artifactKey: Guid(db417fe29ca346946b5392ada84eaf0d) Importer(815301076,1909f56bfc062723c751e8b465ee728b)
Start importing Assets/2DGamekit/Art/Sprites/UI/Menu/LoadingChomper.png using Guid(db417fe29ca346946b5392ada84eaf0d) Importer(815301076,1909f56bfc062723c751e8b465ee728b)  -> (artifact id: 'd9ada5e23f7efebacf8898ed8d45a9cc') in 0.047613 seconds 
  Import took 0.051209 seconds .

========================================================================
Received Import Request.
  Time since last request: 0.000198 seconds.
  path: Assets/2DGamekit/Art/Sprites/UI/Menu/StartMenu.png
  artifactKey: Guid(7f83de9ce1b2e9a4882fa64589108f14) Importer(815301076,1909f56bfc062723c751e8b465ee728b)
Start importing Assets/2DGamekit/Art/Sprites/UI/Menu/StartMenu.png using Guid(7f83de9ce1b2e9a4882fa64589108f14) Importer(815301076,1909f56bfc062723c751e8b465ee728b)  -> (artifact id: '17137eb56e4ffc6c92fd9cfeba58dc30') in 0.045175 seconds 
  Import took 0.049003 seconds .

========================================================================
Received Import Request.
  Time since last request: 0.000171 seconds.
  path: Assets/2DGamekit/Art/Sprites/UI/Menu/StartMenuBackground04.png
  artifactKey: Guid(561e7e203dfd3f84bac0c6c6e3a4ff2b) Importer(815301076,1909f56bfc062723c751e8b465ee728b)
Start importing Assets/2DGamekit/Art/Sprites/UI/Menu/StartMenuBackground04.png using Guid(561e7e203dfd3f84bac0c6c6e3a4ff2b) Importer(815301076,1909f56bfc062723c751e8b465ee728b)  -> (artifact id: 'bce8d2e7ee17ad6f8129a829ced8e597') in 0.072870 seconds 
  Import took 0.077522 seconds .

========================================================================
Received Import Request.
  Time since last request: 0.000306 seconds.
  path: Assets/2DGamekit/Art/Sprites/UI/HUD/BossHealth.png
  artifactKey: Guid(2a305122cc204a041804db2417ad3ac2) Importer(815301076,1909f56bfc062723c751e8b465ee728b)
Start importing Assets/2DGamekit/Art/Sprites/UI/HUD/BossHealth.png using Guid(2a305122cc204a041804db2417ad3ac2) Importer(815301076,1909f56bfc062723c751e8b465ee728b)  -> (artifact id: '6e75277c4e6825879f83056dd1979475') in 0.053718 seconds 
  Import took 0.058307 seconds .

========================================================================
Received Import Request.
  Time since last request: 0.000168 seconds.
  path: Assets/2DGamekit/Art/Sprites/UI/Menu/OptionsCloseButton.png
  artifactKey: Guid(d3c4e35f6af02a840a9461e0aee32e4a) Importer(815301076,1909f56bfc062723c751e8b465ee728b)
Start importing Assets/2DGamekit/Art/Sprites/UI/Menu/OptionsCloseButton.png using Guid(d3c4e35f6af02a840a9461e0aee32e4a) Importer(815301076,1909f56bfc062723c751e8b465ee728b)  -> (artifact id: '67857896834c563922009bf85765869c') in 0.027506 seconds 
  Import took 0.031402 seconds .

========================================================================
Received Import Request.
  Time since last request: 0.000150 seconds.
  path: Assets/2DGamekit/Art/Sprites/UI/Menu/GameOver.png
  artifactKey: Guid(be668f8b2ae220b4ba6ed120e2613f06) Importer(815301076,1909f56bfc062723c751e8b465ee728b)
Start importing Assets/2DGamekit/Art/Sprites/UI/Menu/GameOver.png using Guid(be668f8b2ae220b4ba6ed120e2613f06) Importer(815301076,1909f56bfc062723c751e8b465ee728b)  -> (artifact id: 'e90513b61ddc35d520157d16c50a297a') in 0.047736 seconds 
  Import took 0.051911 seconds .

========================================================================
Received Import Request.
  Time since last request: 0.000184 seconds.
  path: Assets/2DGamekit/Art/Sprites/UI/Menu/StartMenuBackground05.png
  artifactKey: Guid(37f8b3b2e7122394681534e81625c596) Importer(815301076,1909f56bfc062723c751e8b465ee728b)
Start importing Assets/2DGamekit/Art/Sprites/UI/Menu/StartMenuBackground05.png using Guid(37f8b3b2e7122394681534e81625c596) Importer(815301076,1909f56bfc062723c751e8b465ee728b)  -> (artifact id: '3849bb666fa881c7fc183e91318578c9') in 0.027952 seconds 
  Import took 0.032286 seconds .

========================================================================
Received Import Request.
  Time since last request: 0.000180 seconds.
  path: Assets/2DGamekit/Art/Sprites/UI/HUD/EllenHealth.png
  artifactKey: Guid(fc49794cc535bef4f969645c4eb97b80) Importer(815301076,1909f56bfc062723c751e8b465ee728b)
Start importing Assets/2DGamekit/Art/Sprites/UI/HUD/EllenHealth.png using Guid(fc49794cc535bef4f969645c4eb97b80) Importer(815301076,1909f56bfc062723c751e8b465ee728b)  -> (artifact id: '253574900dbccc83a7e556c1f9749c3e') in 0.043565 seconds 
  Import took 0.047424 seconds .

========================================================================
Received Import Request.
  Time since last request: 0.000151 seconds.
  path: Assets/2DGamekit/Art/Sprites/AnimatedSprites/Enemies/ChomperAtlas.spriteatlas
  artifactKey: Guid(c1873c80b805c3741ba3b5509e88ad88) Importer(815301076,1909f56bfc062723c751e8b465ee728b)
Start importing Assets/2DGamekit/Art/Sprites/AnimatedSprites/Enemies/ChomperAtlas.spriteatlas using Guid(c1873c80b805c3741ba3b5509e88ad88) Importer(815301076,1909f56bfc062723c751e8b465ee728b)  -> (artifact id: 'ce3f866cb80f844bebc5b59d654589db') in 0.011734 seconds 
  Import took 0.015426 seconds .

========================================================================
Received Import Request.
  Time since last request: 0.000165 seconds.
  path: Assets/2DGamekit/Art/Sprites/UI/Menu/StartMenuBackground07.png
  artifactKey: Guid(95c2cda013940c940a25e8580dca75c4) Importer(815301076,1909f56bfc062723c751e8b465ee728b)
Start importing Assets/2DGamekit/Art/Sprites/UI/Menu/StartMenuBackground07.png using Guid(95c2cda013940c940a25e8580dca75c4) Importer(815301076,1909f56bfc062723c751e8b465ee728b)  -> (artifact id: '056f5f266086ee46ce12e4a6b3b91833') in 0.026965 seconds 
  Import took 0.030881 seconds .

========================================================================
Received Import Request.
  Time since last request: 0.000162 seconds.
  path: Assets/2DGamekit/Art/Sprites/UI/Menu/OptionsMenu9Slice.png
  artifactKey: Guid(347c9750b492608498affdb981cbf7f1) Importer(815301076,1909f56bfc062723c751e8b465ee728b)
Start importing Assets/2DGamekit/Art/Sprites/UI/Menu/OptionsMenu9Slice.png using Guid(347c9750b492608498affdb981cbf7f1) Importer(815301076,1909f56bfc062723c751e8b465ee728b)  -> (artifact id: 'f3e90fe3b754f043ac17f59b35025581') in 0.019973 seconds 
  Import took 0.023694 seconds .

========================================================================
Received Import Request.
  Time since last request: 0.000143 seconds.
  path: Assets/2DGamekit/Art/Sprites/UI/Menu/StartMenuBackground03.png
  artifactKey: Guid(8b3ef0b9ee381cb4193a7717a5131533) Importer(815301076,1909f56bfc062723c751e8b465ee728b)
Start importing Assets/2DGamekit/Art/Sprites/UI/Menu/StartMenuBackground03.png using Guid(8b3ef0b9ee381cb4193a7717a5131533) Importer(815301076,1909f56bfc062723c751e8b465ee728b)  -> (artifact id: '277a6d8936e8dd8b84054f06fef57d01') in 0.033030 seconds 
  Import took 0.036470 seconds .

========================================================================
Received Import Request.
  Time since last request: 0.000182 seconds.
  path: Assets/2DGamekit/Art/Sprites/UI/Menu/StartSplash.png
  artifactKey: Guid(69bc2f0c47ae84d4e98f1db95994d6e3) Importer(815301076,1909f56bfc062723c751e8b465ee728b)
Start importing Assets/2DGamekit/Art/Sprites/UI/Menu/StartSplash.png using Guid(69bc2f0c47ae84d4e98f1db95994d6e3) Importer(815301076,1909f56bfc062723c751e8b465ee728b)  -> (artifact id: '5672b16cfb9e315dd7ee9ff9b72c9e51') in 0.026448 seconds 
  Import took 0.029966 seconds .

========================================================================
Received Import Request.
  Time since last request: 0.000258 seconds.
  path: Assets/2DGamekit/Art/Sprites/UI/HUD
  artifactKey: Guid(295577f42a6096e469002edf812c9c48) Importer(815301076,1909f56bfc062723c751e8b465ee728b)
Start importing Assets/2DGamekit/Art/Sprites/UI/HUD using Guid(295577f42a6096e469002edf812c9c48) Importer(815301076,1909f56bfc062723c751e8b465ee728b)  -> (artifact id: '5f09674b8f6d14292a712a7703315cce') in 0.005936 seconds 
  Import took 0.009507 seconds .

========================================================================
Received Import Request.
  Time since last request: 0.000195 seconds.
  path: Assets/2DGamekit/Art/Sprites/AnimatedSprites/Enemies/SpitterAtlas.spriteatlas
  artifactKey: Guid(c8d25f9f5c0796047a164895d5d5120a) Importer(815301076,1909f56bfc062723c751e8b465ee728b)
Start importing Assets/2DGamekit/Art/Sprites/AnimatedSprites/Enemies/SpitterAtlas.spriteatlas using Guid(c8d25f9f5c0796047a164895d5d5120a) Importer(815301076,1909f56bfc062723c751e8b465ee728b)  -> (artifact id: 'c683a1fd7c2c3f11c2909ddd70d491ca') in 0.011097 seconds 
  Import took 0.014670 seconds .

========================================================================
Received Import Request.
  Time since last request: 0.000315 seconds.
  path: Assets/2DGamekit/Art/Sprites/AnimatedSprites/Ellen/EllenAtlas.spriteatlas
  artifactKey: Guid(f9e9d1b8136b75b47a865e43f38ab159) Importer(815301076,1909f56bfc062723c751e8b465ee728b)
Start importing Assets/2DGamekit/Art/Sprites/AnimatedSprites/Ellen/EllenAtlas.spriteatlas using Guid(f9e9d1b8136b75b47a865e43f38ab159) Importer(815301076,1909f56bfc062723c751e8b465ee728b)  -> (artifact id: '1ab40b9d6908dd5d48c890e2659b56e3') in 0.011570 seconds 
  Import took 0.016165 seconds .

========================================================================
Received Prepare
Registering precompiled user dll's ...
Registered in 0.003476 seconds.
Begin MonoManager ReloadAssembly
Native extension for WindowsStandalone target not found
Native extension for WebGL target not found
Refreshing native plugins compatible for Editor in 0.67 ms, found 3 plugins.
Preloading 0 native plugins for Editor in 0.00 ms.
Mono: successfully reloaded assembly
- Completed reload, in  1.016 seconds
Domain Reload Profiling:
	ReloadAssembly (1016ms)
		BeginReloadAssembly (120ms)
			ExecutionOrderSort (0ms)
			DisableScriptedObjects (5ms)
			BackupInstance (0ms)
			ReleaseScriptingObjects (0ms)
			CreateAndSetChildDomain (34ms)
		EndReloadAssembly (838ms)
			LoadAssemblies (84ms)
			RebuildTransferFunctionScriptingTraits (0ms)
			SetupTypeCache (318ms)
			ReleaseScriptCaches (1ms)
			RebuildScriptCaches (48ms)
			SetupLoadedEditorAssemblies (281ms)
				LogAssemblyErrors (0ms)
				InitializePlatformSupportModulesInManaged (5ms)
				SetLoadedEditorAssemblies (0ms)
				RefreshPlugins (1ms)
				BeforeProcessingInitializeOnLoad (64ms)
				ProcessInitializeOnLoadAttributes (199ms)
				ProcessInitializeOnLoadMethodAttributes (4ms)
				AfterProcessingInitializeOnLoad (7ms)
				EditorAssembliesLoaded (0ms)
			ExecutionOrderSort2 (0ms)
			AwakeInstancesAfterBackupRestoration (10ms)
Platform modules already initialized, skipping
Refreshing native plugins compatible for Editor in 0.65 ms, found 3 plugins.
Preloading 0 native plugins for Editor in 0.00 ms.
Unloading 2506 Unused Serialized files (Serialized files now loaded: 0)
System memory in use before: 116.5 MB.
System memory in use after: 116.7 MB.

Unloading 15 unused Assets to reduce memory usage. Loaded Objects now: 3095.
Total: 2.817300 ms (FindLiveObjects: 0.218700 ms CreateObjectMapping: 0.102800 ms MarkObjects: 2.479600 ms  DeleteObjects: 0.015400 ms)

AssetImportParameters requested are different than current active one (requested -> active):
  custom:framework-win-MediaFoundation: 216162199b28c13a410421893ffa2e32 -> 
  custom:video-decoder-ogg-theora: a1e56fd34408186e4bbccfd4996cb3dc -> 
  custom:container-muxer-webm: aa71ff27fc2769a1b78a27578f13a17b -> 
  custom:container-demuxer-webm: 4f35f7cbe854078d1ac9338744f61a02 -> 
  custom:container-demuxer-ogg: 62fdf1f143b41e24485cea50d1cbac27 -> 
  custom:video-encoder-webm-vp8: eb34c28f22e8b96e1ab97ce403110664 -> 
  custom:video-decoder-webm-vp8: 9c59270c3fd7afecdb556c50c9e8de78 -> 
  custom:audio-decoder-ogg-vorbis: bf7c407c2cedff20999df2af8eb42d56 -> 
  custom:audio-encoder-webm-vorbis: bf7c407c2cedff20999df2af8eb42d56 -> 
========================================================================
Received Import Request.
  Time since last request: 893.948430 seconds.
  path: Assets/2DGamekit/Art/Sprites/Environment/WallTile.png
  artifactKey: Guid(6aa3a976ac9ecc54aad638ffbf4e67c6) Importer(815301076,1909f56bfc062723c751e8b465ee728b)
Start importing Assets/2DGamekit/Art/Sprites/Environment/WallTile.png using Guid(6aa3a976ac9ecc54aad638ffbf4e67c6) Importer(815301076,1909f56bfc062723c751e8b465ee728b)  -> (artifact id: 'cc4d51b4b624e16b7846e78fe4e922a2') in 0.051697 seconds 
  Import took 0.056535 seconds .

========================================================================
Received Import Request.
  Time since last request: 1950.152882 seconds.
  path: Assets/2DGamekit/Art/Sprites/Environment/LowerPlants1.png
  artifactKey: Guid(47b428b699457b74992fad3070540648) Importer(815301076,1909f56bfc062723c751e8b465ee728b)
Start importing Assets/2DGamekit/Art/Sprites/Environment/LowerPlants1.png using Guid(47b428b699457b74992fad3070540648) Importer(815301076,1909f56bfc062723c751e8b465ee728b)  -> (artifact id: '989301b175b5ae0295c6efeea6026ad7') in 0.328076 seconds 
  Import took 0.334404 seconds .

AssetImportWorkerClient::OnTransportError - code=2 error=End of file
